icbc       工商银行   601398: [6.37, 7.81, 8.03, 7.94, 11.27, 12.8, 12.35]
ccb        建设银行   601939: [8.47, 9.31, 9.88, 9.92, 14.13, 15.28, 16.08]
abc        农业银行   601288: [4.23, 4.82, 4.71, 4.87, 7.76, 10.46, 9.14]
boc        中国银行   601988: [5.48, 5.66, 5.6, 6.04, 9.14, 9.77, 9.96]
bocom      交通银行   601328: [9.36, 9.47, 8.6, 9.77, 14.54, 14.56, 13.96]
psbc       邮储银行   601658: [None, None, 4.99, 5.29, 6.87, 6.9, 6.61]
cmb        招商银行   600036: [65.52, 110.37, 191.49, 176.29, 198.62, 217.26, 204.81]
citic      中信银行   601998: [10.04, 7.64, 7.8, 8.31, 11.71, 13.0, 12.57]
spdb       浦发银行   600000: [106.72, 106.47, 113.59, 100.64, 131.95, 153.91, 124.92]
indy       兴业银行   601166: [55.42, 58.27, 82.15, 77.48, 89.77, 99.35, 90.73]
cmbc       民生银行   600016: [175.05, 129.4, 132.68, 109.24, 131.19, 129.38, 121.65]
ceb        光大银行   601818: [5.34, 4.81, 5.48, 4.97, 6.13, 5.94, 5.62]
hxb        华夏银行   600015: [30.98, 27.91, 25.82, 24.59, 35.06, 32.91, 32.94]
pab        平安银行   000001: [1653.73, 1491.5, 3045.48, 2176.59, 2144.98, 2191.34, 2101.02]
czb        浙商银行   601916: [None, None, 4.32, 3.34, 3.99, 4.36, 4.15]
bobj       北京银行   601169: [17.33, 17.53, 17.08, 17.27, 23.41, 22.54, 21.79]
njcb       南京银行   601009: [23.94, 30.19, 39.98, 53.0, 59.7, 64.94, 62.63]
nib        宁波银行   002142: [17.38, 28.99, 60.22, 59.28, 47.21, 55.75, 60.22]
shb        上海银行   601229: [None, 21.52, 21.46, 18.79, 29.15, 32.63, 30.34]
jsb        江苏银行   600919: [None, 6.33, 6.68, 9.94, 14.4, 15.81, 17.4]
hzb        杭州银行   600926: [None, 15.22, 31.14, 28.9, 34.43, 37.04, 37.31]
cdb        成都银行   601838: [None, 8.33, 11.72, 17.44, 20.91, 20.82, 23.7]
csb        长沙银行   601577: [None, 8.52, 10.12, 8.03, 10.89, 12.32, 11.57]
cqb        重庆银行   601963: [None, None, None, 7.54, 10.85, 12.81, 12.22]
qdb        青岛银行   002948: [None, None, 6.33, 4.19, 5.27, 6.25, 7.6]
zzb        郑州银行   002936: [None, 5.07, 5.16, 3.09, 3.05, 2.85, 2.53]
szb        苏州银行   002966: [None, None, 7.88, 9.28, 10.65, 11.3, 10.4]
xab        西安银行   600928: [None, None, 5.91, 4.25, 4.56, 4.75, 4.58]
xmb        厦门银行   601187: [None, None, 13.2, 6.16, 6.82, 8.82, 8.67]
qlb        齐鲁银行   601665: [None, None, None, 4.53, 6.36, 6.78, 7.22]
gyb        贵阳银行   601997: [None, 11.27, 12.55, 9.95, 11.49, 11.71, 11.29]
lzb        兰州银行   001227: [None, None, None, 3.87, 2.78, 2.74, 2.53]
cqrc       渝农商行   601077: [None, None, 4.73, 4.23, 7.31, 8.03, 8.19]
qrc        青农商行   002958: [None, None, 5.39, 3.44, 3.69, 3.87, 3.68]
changshu   常熟银行   601128: [None, 6.5, 8.12, 8.69, 9.97, 10.61, 10.29]
zijin      紫金银行   601860: [None, None, 4.41, 2.99, 3.45, 3.46, 3.29]
wuxi       无锡银行   600908: [None, 5.54, 6.74, 6.29, 7.33, 7.68, 7.06]
zjg        张家港行   002839: [None, 5.55, 6.6, 6.35, 6.54, 7.14, 6.71]
sunong     苏农银行   603323: [None, 8.2, 7.69, 7.75, 9.11, 9.89, 9.12]
jiangyin   江阴银行   002807: [None, 5.33, 5.65, 5.71, 6.61, 7.24, 6.99]
ruifeng    瑞丰银行   601528: [None, None, None, 6.49, 7.88, 8.23, 7.03]
shnc       沪农商行   601825: [None, None, None, 6.44, 10.03, 11.24, 9.81]
